{"/Users/coltensiemer/Documents/git-hub/little-lemon/App.js": {"path":"/Users/coltensiemer/Documents/git-hub/little-lemon/App.js","statementMap":{"0":{"start":{"line":14,"column":14},"end":{"line":14,"column":43}},"1":{"start":{"line":19,"column":14},"end":{"line":64,"column":1}},"2":{"start":{"line":67,"column":2},"end":{"line":94,"column":4}}},"fnMap":{"0":{"name":"App","decl":{"start":{"line":66,"column":9},"end":{"line":66,"column":12}},"loc":{"start":{"line":66,"column":15},"end":{"line":95,"column":1}},"line":66}},"branchMap":{},"s":{"0":0,"1":0,"2":0},"f":{"0":0},"b":{}}
,"/Users/coltensiemer/Documents/git-hub/little-lemon/metro.config.js": {"path":"/Users/coltensiemer/Documents/git-hub/little-lemon/metro.config.js","statementMap":{"0":{"start":{"line":1,"column":29},"end":{"line":1,"column":57}},"1":{"start":{"line":3,"column":22},"end":{"line":3,"column":49}},"2":{"start":{"line":5,"column":0},"end":{"line":5,"column":44}},"3":{"start":{"line":7,"column":0},"end":{"line":7,"column":31}}},"fnMap":{},"branchMap":{},"s":{"0":0,"1":0,"2":0,"3":0},"f":{},"b":{}}
,"/Users/coltensiemer/Documents/git-hub/little-lemon/server/db.js": {"path":"/Users/coltensiemer/Documents/git-hub/little-lemon/server/db.js","statementMap":{"0":{"start":{"line":1,"column":13},"end":{"line":1,"column":31}},"1":{"start":{"line":3,"column":13},"end":{"line":9,"column":2}},"2":{"start":{"line":11,"column":0},"end":{"line":11,"column":22}}},"fnMap":{},"branchMap":{},"s":{"0":0,"1":0,"2":0},"f":{},"b":{}}
,"/Users/coltensiemer/Documents/git-hub/little-lemon/server/indexdb.js": {"path":"/Users/coltensiemer/Documents/git-hub/little-lemon/server/indexdb.js","statementMap":{"0":{"start":{"line":1,"column":16},"end":{"line":1,"column":34}},"1":{"start":{"line":2,"column":12},"end":{"line":2,"column":21}},"2":{"start":{"line":3,"column":13},"end":{"line":3,"column":28}},"3":{"start":{"line":4,"column":13},"end":{"line":4,"column":28}},"4":{"start":{"line":5,"column":13},"end":{"line":5,"column":17}},"5":{"start":{"line":8,"column":0},"end":{"line":8,"column":16}},"6":{"start":{"line":9,"column":0},"end":{"line":9,"column":24}},"7":{"start":{"line":14,"column":0},"end":{"line":27,"column":3}},"8":{"start":{"line":15,"column":2},"end":{"line":26,"column":3}},"9":{"start":{"line":16,"column":45},"end":{"line":16,"column":53}},"10":{"start":{"line":17,"column":27},"end":{"line":20,"column":5}},"11":{"start":{"line":22,"column":4},"end":{"line":22,"column":26}},"12":{"start":{"line":23,"column":4},"end":{"line":23,"column":29}},"13":{"start":{"line":25,"column":4},"end":{"line":25,"column":64}},"14":{"start":{"line":31,"column":0},"end":{"line":39,"column":3}},"15":{"start":{"line":32,"column":2},"end":{"line":38,"column":3}},"16":{"start":{"line":33,"column":28},"end":{"line":33,"column":74}},"17":{"start":{"line":35,"column":4},"end":{"line":35,"column":35}},"18":{"start":{"line":37,"column":4},"end":{"line":37,"column":31}},"19":{"start":{"line":41,"column":0},"end":{"line":43,"column":3}},"20":{"start":{"line":42,"column":2},"end":{"line":42,"column":37}},"21":{"start":{"line":45,"column":0},"end":{"line":52,"column":3}},"22":{"start":{"line":46,"column":2},"end":{"line":51,"column":3}},"23":{"start":{"line":47,"column":20},"end":{"line":47,"column":58}},"24":{"start":{"line":48,"column":4},"end":{"line":48,"column":27}},"25":{"start":{"line":50,"column":4},"end":{"line":50,"column":55}},"26":{"start":{"line":54,"column":0},"end":{"line":61,"column":3}},"27":{"start":{"line":55,"column":2},"end":{"line":60,"column":3}},"28":{"start":{"line":56,"column":20},"end":{"line":56,"column":177}},"29":{"start":{"line":57,"column":4},"end":{"line":57,"column":27}},"30":{"start":{"line":59,"column":4},"end":{"line":59,"column":55}}},"fnMap":{"0":{"name":"(anonymous_0)","decl":{"start":{"line":14,"column":26},"end":{"line":14,"column":27}},"loc":{"start":{"line":14,"column":46},"end":{"line":27,"column":1}},"line":14},"1":{"name":"(anonymous_1)","decl":{"start":{"line":31,"column":25},"end":{"line":31,"column":26}},"loc":{"start":{"line":31,"column":45},"end":{"line":39,"column":1}},"line":31},"2":{"name":"(anonymous_2)","decl":{"start":{"line":41,"column":17},"end":{"line":41,"column":18}},"loc":{"start":{"line":41,"column":23},"end":{"line":43,"column":1}},"line":41},"3":{"name":"(anonymous_3)","decl":{"start":{"line":45,"column":17},"end":{"line":45,"column":18}},"loc":{"start":{"line":45,"column":37},"end":{"line":52,"column":1}},"line":45},"4":{"name":"(anonymous_4)","decl":{"start":{"line":54,"column":23},"end":{"line":54,"column":24}},"loc":{"start":{"line":54,"column":43},"end":{"line":61,"column":1}},"line":54}},"branchMap":{},"s":{"0":0,"1":0,"2":0,"3":0,"4":0,"5":0,"6":0,"7":0,"8":0,"9":0,"10":0,"11":0,"12":0,"13":0,"14":0,"15":0,"16":0,"17":0,"18":0,"19":0,"20":0,"21":0,"22":0,"23":0,"24":0,"25":0,"26":0,"27":0,"28":0,"29":0,"30":0},"f":{"0":0,"1":0,"2":0,"3":0,"4":0},"b":{}}
}
