{"/Users/coltensiemer/Documents/git-hub/little-lemon/App.js": {"path":"/Users/coltensiemer/Documents/git-hub/little-lemon/App.js","statementMap":{"0":{"start":{"line":43,"column":20},"end":{"line":43,"column":48}},"1":{"start":{"line":44,"column":2},"end":{"line":53,"column":4}},"2":{"start":{"line":58,"column":14},"end":{"line":58,"column":40}},"3":{"start":{"line":59,"column":22},"end":{"line":59,"column":51}},"4":{"start":{"line":60,"column":16},"end":{"line":60,"column":26}},"5":{"start":{"line":61,"column":2},"end":{"line":143,"column":4}},"6":{"start":{"line":80,"column":12},"end":{"line":84,"column":14}},"7":{"start":{"line":93,"column":12},"end":{"line":97,"column":14}},"8":{"start":{"line":106,"column":12},"end":{"line":110,"column":14}},"9":{"start":{"line":119,"column":12},"end":{"line":123,"column":14}},"10":{"start":{"line":147,"column":16},"end":{"line":147,"column":44}},"11":{"start":{"line":149,"column":22},"end":{"line":149,"column":49}},"12":{"start":{"line":151,"column":20},"end":{"line":151,"column":57}},"13":{"start":{"line":153,"column":25},"end":{"line":153,"column":41}},"14":{"start":{"line":155,"column":2},"end":{"line":155,"column":32}},"15":{"start":{"line":157,"column":2},"end":{"line":177,"column":4}},"16":{"start":{"line":165,"column":35},"end":{"line":165,"column":55}},"17":{"start":{"line":182,"column":2},"end":{"line":186,"column":4}}},"fnMap":{"0":{"name":"HomeStackScreen","decl":{"start":{"line":42,"column":9},"end":{"line":42,"column":24}},"loc":{"start":{"line":42,"column":27},"end":{"line":54,"column":1}},"line":42},"1":{"name":"AppStack","decl":{"start":{"line":57,"column":9},"end":{"line":57,"column":17}},"loc":{"start":{"line":57,"column":20},"end":{"line":144,"column":1}},"line":57},"2":{"name":"(anonymous_2)","decl":{"start":{"line":79,"column":22},"end":{"line":79,"column":23}},"loc":{"start":{"line":79,"column":39},"end":{"line":85,"column":11}},"line":79},"3":{"name":"(anonymous_3)","decl":{"start":{"line":92,"column":22},"end":{"line":92,"column":23}},"loc":{"start":{"line":92,"column":39},"end":{"line":98,"column":11}},"line":92},"4":{"name":"(anonymous_4)","decl":{"start":{"line":105,"column":22},"end":{"line":105,"column":23}},"loc":{"start":{"line":105,"column":39},"end":{"line":111,"column":11}},"line":105},"5":{"name":"(anonymous_5)","decl":{"start":{"line":118,"column":22},"end":{"line":118,"column":23}},"loc":{"start":{"line":118,"column":39},"end":{"line":124,"column":11}},"line":118},"6":{"name":"App","decl":{"start":{"line":146,"column":9},"end":{"line":146,"column":12}},"loc":{"start":{"line":146,"column":15},"end":{"line":178,"column":1}},"line":146},"7":{"name":"(anonymous_7)","decl":{"start":{"line":165,"column":25},"end":{"line":165,"column":26}},"loc":{"start":{"line":165,"column":35},"end":{"line":165,"column":55}},"line":165},"8":{"name":"AppWrapper","decl":{"start":{"line":181,"column":24},"end":{"line":181,"column":34}},"loc":{"start":{"line":181,"column":37},"end":{"line":187,"column":1}},"line":181}},"branchMap":{"0":{"loc":{"start":{"line":61,"column":9},"end":{"line":143,"column":3}},"type":"cond-expr","locations":[{"start":{"line":62,"column":4},"end":{"line":127,"column":20}},{"start":{"line":129,"column":4},"end":{"line":142,"column":20}}],"line":61},"1":{"loc":{"start":{"line":82,"column":23},"end":{"line":82,"column":73}},"type":"cond-expr","locations":[{"start":{"line":82,"column":33},"end":{"line":82,"column":50}},{"start":{"line":82,"column":53},"end":{"line":82,"column":73}}],"line":82},"2":{"loc":{"start":{"line":95,"column":23},"end":{"line":95,"column":73}},"type":"cond-expr","locations":[{"start":{"line":95,"column":33},"end":{"line":95,"column":50}},{"start":{"line":95,"column":53},"end":{"line":95,"column":73}}],"line":95},"3":{"loc":{"start":{"line":108,"column":23},"end":{"line":108,"column":73}},"type":"cond-expr","locations":[{"start":{"line":108,"column":33},"end":{"line":108,"column":50}},{"start":{"line":108,"column":53},"end":{"line":108,"column":73}}],"line":108},"4":{"loc":{"start":{"line":121,"column":23},"end":{"line":121,"column":73}},"type":"cond-expr","locations":[{"start":{"line":121,"column":33},"end":{"line":121,"column":50}},{"start":{"line":121,"column":53},"end":{"line":121,"column":73}}],"line":121},"5":{"loc":{"start":{"line":151,"column":20},"end":{"line":151,"column":57}},"type":"cond-expr","locations":[{"start":{"line":151,"column":45},"end":{"line":151,"column":49}},{"start":{"line":151,"column":52},"end":{"line":151,"column":57}}],"line":151},"6":{"loc":{"start":{"line":159,"column":14},"end":{"line":159,"column":93}},"type":"cond-expr","locations":[{"start":{"line":159,"column":63},"end":{"line":159,"column":76}},{"start":{"line":159,"column":79},"end":{"line":159,"column":93}}],"line":159},"7":{"loc":{"start":{"line":159,"column":14},"end":{"line":159,"column":60}},"type":"binary-expr","locations":[{"start":{"line":159,"column":14},"end":{"line":159,"column":47}},{"start":{"line":159,"column":51},"end":{"line":159,"column":60}}],"line":159}},"s":{"0":0,"1":0,"2":0,"3":0,"4":0,"5":0,"6":0,"7":0,"8":0,"9":0,"10":0,"11":0,"12":0,"13":0,"14":0,"15":0,"16":0,"17":0},"f":{"0":0,"1":0,"2":0,"3":0,"4":0,"5":0,"6":0,"7":0,"8":0},"b":{"0":[0,0],"1":[0,0],"2":[0,0],"3":[0,0],"4":[0,0],"5":[0,0],"6":[0,0],"7":[0,0]}}
,"/Users/coltensiemer/Documents/git-hub/little-lemon/metro.config.js": {"path":"/Users/coltensiemer/Documents/git-hub/little-lemon/metro.config.js","statementMap":{"0":{"start":{"line":1,"column":29},"end":{"line":1,"column":57}},"1":{"start":{"line":3,"column":22},"end":{"line":3,"column":49}},"2":{"start":{"line":5,"column":0},"end":{"line":5,"column":44}},"3":{"start":{"line":7,"column":0},"end":{"line":7,"column":31}}},"fnMap":{},"branchMap":{},"s":{"0":0,"1":0,"2":0,"3":0},"f":{},"b":{}}
,"/Users/coltensiemer/Documents/git-hub/little-lemon/assets/Themes/themes.js": {"path":"/Users/coltensiemer/Documents/git-hub/little-lemon/assets/Themes/themes.js","statementMap":{"0":{"start":{"line":7,"column":30},"end":{"line":53,"column":3}},"1":{"start":{"line":56,"column":31},"end":{"line":103,"column":3}}},"fnMap":{},"branchMap":{},"s":{"0":0,"1":0},"f":{},"b":{}}
,"/Users/coltensiemer/Documents/git-hub/little-lemon/components/Organisms/navigation/Maincontainer.js": {"path":"/Users/coltensiemer/Documents/git-hub/little-lemon/components/Organisms/navigation/Maincontainer.js","statementMap":{"0":{"start":{"line":11,"column":17},"end":{"line":11,"column":23}},"1":{"start":{"line":12,"column":20},"end":{"line":12,"column":30}},"2":{"start":{"line":14,"column":12},"end":{"line":14,"column":36}}},"fnMap":{"0":{"name":"Maincontainer","decl":{"start":{"line":16,"column":24},"end":{"line":16,"column":37}},"loc":{"start":{"line":16,"column":40},"end":{"line":27,"column":1}},"line":16}},"branchMap":{},"s":{"0":0,"1":0,"2":0},"f":{"0":0},"b":{}}
,"/Users/coltensiemer/Documents/git-hub/little-lemon/server/authServer.js": {"path":"/Users/coltensiemer/Documents/git-hub/little-lemon/server/authServer.js","statementMap":{"0":{"start":{"line":1,"column":16},"end":{"line":1,"column":34}},"1":{"start":{"line":2,"column":12},"end":{"line":2,"column":21}},"2":{"start":{"line":3,"column":13},"end":{"line":3,"column":28}},"3":{"start":{"line":4,"column":13},"end":{"line":4,"column":28}},"4":{"start":{"line":5,"column":13},"end":{"line":5,"column":17}},"5":{"start":{"line":9,"column":0},"end":{"line":9,"column":27}},"6":{"start":{"line":16,"column":0},"end":{"line":16,"column":16}},"7":{"start":{"line":17,"column":0},"end":{"line":17,"column":24}},"8":{"start":{"line":20,"column":0},"end":{"line":22,"column":3}},"9":{"start":{"line":21,"column":2},"end":{"line":21,"column":37}},"10":{"start":{"line":25,"column":10},"end":{"line":25,"column":33}},"11":{"start":{"line":28,"column":2},"end":{"line":28,"column":78}},"12":{"start":{"line":47,"column":20},"end":{"line":67,"column":1}},"13":{"start":{"line":48,"column":21},"end":{"line":48,"column":49}},"14":{"start":{"line":49,"column":16},"end":{"line":49,"column":54}},"15":{"start":{"line":51,"column":2},"end":{"line":66,"column":3}},"16":{"start":{"line":52,"column":4},"end":{"line":52,"column":51}},"17":{"start":{"line":54,"column":4},"end":{"line":65,"column":7}},"18":{"start":{"line":55,"column":6},"end":{"line":60,"column":11}},"19":{"start":{"line":56,"column":8},"end":{"line":60,"column":11}},"20":{"start":{"line":62,"column":6},"end":{"line":62,"column":22}},"21":{"start":{"line":63,"column":6},"end":{"line":63,"column":24}},"22":{"start":{"line":64,"column":6},"end":{"line":64,"column":13}},"23":{"start":{"line":71,"column":0},"end":{"line":73,"column":3}},"24":{"start":{"line":72,"column":2},"end":{"line":72,"column":66}},"25":{"start":{"line":72,"column":34},"end":{"line":72,"column":63}},"26":{"start":{"line":76,"column":0},"end":{"line":127,"column":3}},"27":{"start":{"line":77,"column":2},"end":{"line":126,"column":3}},"28":{"start":{"line":80,"column":44},"end":{"line":80,"column":52}},"29":{"start":{"line":83,"column":24},"end":{"line":87,"column":5}},"30":{"start":{"line":89,"column":31},"end":{"line":92,"column":5}},"31":{"start":{"line":94,"column":20},"end":{"line":96,"column":6}},"32":{"start":{"line":101,"column":17},"end":{"line":101,"column":32}},"33":{"start":{"line":103,"column":26},"end":{"line":103,"column":39}},"34":{"start":{"line":105,"column":4},"end":{"line":107,"column":5}},"35":{"start":{"line":106,"column":6},"end":{"line":106,"column":76}},"36":{"start":{"line":109,"column":4},"end":{"line":123,"column":5}},"37":{"start":{"line":110,"column":6},"end":{"line":120,"column":7}},"38":{"start":{"line":111,"column":8},"end":{"line":117,"column":11}},"39":{"start":{"line":119,"column":8},"end":{"line":119,"column":77}},"40":{"start":{"line":122,"column":6},"end":{"line":122,"column":44}},"41":{"start":{"line":125,"column":4},"end":{"line":125,"column":43}},"42":{"start":{"line":132,"column":0},"end":{"line":145,"column":3}},"43":{"start":{"line":133,"column":2},"end":{"line":133,"column":24}},"44":{"start":{"line":134,"column":23},"end":{"line":134,"column":37}},"45":{"start":{"line":135,"column":2},"end":{"line":136,"column":56}},"46":{"start":{"line":136,"column":4},"end":{"line":136,"column":56}},"47":{"start":{"line":137,"column":2},"end":{"line":138,"column":71}},"48":{"start":{"line":138,"column":4},"end":{"line":138,"column":71}},"49":{"start":{"line":140,"column":2},"end":{"line":144,"column":5}},"50":{"start":{"line":141,"column":4},"end":{"line":141,"column":59}},"51":{"start":{"line":141,"column":13},"end":{"line":141,"column":59}},"52":{"start":{"line":142,"column":24},"end":{"line":142,"column":65}},"53":{"start":{"line":143,"column":4},"end":{"line":143,"column":43}},"54":{"start":{"line":148,"column":0},"end":{"line":177,"column":3}},"55":{"start":{"line":149,"column":20},"end":{"line":149,"column":29}},"56":{"start":{"line":151,"column":2},"end":{"line":176,"column":3}},"57":{"start":{"line":152,"column":20},"end":{"line":154,"column":6}},"58":{"start":{"line":155,"column":3},"end":{"line":155,"column":101}},"59":{"start":{"line":155,"column":35},"end":{"line":155,"column":101}},"60":{"start":{"line":157,"column":17},"end":{"line":157,"column":32}},"61":{"start":{"line":159,"column":30},"end":{"line":170,"column":5}},"62":{"start":{"line":171,"column":4},"end":{"line":171,"column":32}},"63":{"start":{"line":174,"column":4},"end":{"line":174,"column":60}},"64":{"start":{"line":175,"column":4},"end":{"line":175,"column":84}}},"fnMap":{"0":{"name":"(anonymous_0)","decl":{"start":{"line":20,"column":17},"end":{"line":20,"column":18}},"loc":{"start":{"line":20,"column":23},"end":{"line":22,"column":1}},"line":20},"1":{"name":"generateAccesToken","decl":{"start":{"line":27,"column":9},"end":{"line":27,"column":27}},"loc":{"start":{"line":27,"column":34},"end":{"line":29,"column":1}},"line":27},"2":{"name":"(anonymous_2)","decl":{"start":{"line":47,"column":20},"end":{"line":47,"column":21}},"loc":{"start":{"line":47,"column":40},"end":{"line":67,"column":1}},"line":47},"3":{"name":"(anonymous_3)","decl":{"start":{"line":54,"column":55},"end":{"line":54,"column":56}},"loc":{"start":{"line":54,"column":70},"end":{"line":65,"column":5}},"line":54},"4":{"name":"(anonymous_4)","decl":{"start":{"line":71,"column":32},"end":{"line":71,"column":33}},"loc":{"start":{"line":71,"column":52},"end":{"line":73,"column":1}},"line":71},"5":{"name":"(anonymous_5)","decl":{"start":{"line":72,"column":24},"end":{"line":72,"column":25}},"loc":{"start":{"line":72,"column":34},"end":{"line":72,"column":63}},"line":72},"6":{"name":"(anonymous_6)","decl":{"start":{"line":76,"column":19},"end":{"line":76,"column":20}},"loc":{"start":{"line":76,"column":39},"end":{"line":127,"column":1}},"line":76},"7":{"name":"(anonymous_7)","decl":{"start":{"line":132,"column":19},"end":{"line":132,"column":20}},"loc":{"start":{"line":132,"column":39},"end":{"line":145,"column":1}},"line":132},"8":{"name":"(anonymous_8)","decl":{"start":{"line":140,"column":61},"end":{"line":140,"column":62}},"loc":{"start":{"line":140,"column":76},"end":{"line":144,"column":3}},"line":140},"9":{"name":"(anonymous_9)","decl":{"start":{"line":148,"column":23},"end":{"line":148,"column":24}},"loc":{"start":{"line":148,"column":43},"end":{"line":177,"column":1}},"line":148}},"branchMap":{"0":{"loc":{"start":{"line":49,"column":16},"end":{"line":49,"column":54}},"type":"binary-expr","locations":[{"start":{"line":49,"column":16},"end":{"line":49,"column":26}},{"start":{"line":49,"column":30},"end":{"line":49,"column":54}}],"line":49},"1":{"loc":{"start":{"line":51,"column":2},"end":{"line":66,"column":3}},"type":"if","locations":[{"start":{"line":51,"column":2},"end":{"line":66,"column":3}},{"start":{"line":53,"column":9},"end":{"line":66,"column":3}}],"line":51},"2":{"loc":{"start":{"line":55,"column":6},"end":{"line":60,"column":11}},"type":"if","locations":[{"start":{"line":55,"column":6},"end":{"line":60,"column":11}},{"start":{},"end":{}}],"line":55},"3":{"loc":{"start":{"line":105,"column":4},"end":{"line":107,"column":5}},"type":"if","locations":[{"start":{"line":105,"column":4},"end":{"line":107,"column":5}},{"start":{},"end":{}}],"line":105},"4":{"loc":{"start":{"line":109,"column":4},"end":{"line":123,"column":5}},"type":"if","locations":[{"start":{"line":109,"column":4},"end":{"line":123,"column":5}},{"start":{"line":121,"column":11},"end":{"line":123,"column":5}}],"line":109},"5":{"loc":{"start":{"line":110,"column":6},"end":{"line":120,"column":7}},"type":"if","locations":[{"start":{"line":110,"column":6},"end":{"line":120,"column":7}},{"start":{"line":118,"column":13},"end":{"line":120,"column":7}}],"line":110},"6":{"loc":{"start":{"line":135,"column":2},"end":{"line":136,"column":56}},"type":"if","locations":[{"start":{"line":135,"column":2},"end":{"line":136,"column":56}},{"start":{},"end":{}}],"line":135},"7":{"loc":{"start":{"line":137,"column":2},"end":{"line":138,"column":71}},"type":"if","locations":[{"start":{"line":137,"column":2},"end":{"line":138,"column":71}},{"start":{},"end":{}}],"line":137},"8":{"loc":{"start":{"line":141,"column":4},"end":{"line":141,"column":59}},"type":"if","locations":[{"start":{"line":141,"column":4},"end":{"line":141,"column":59}},{"start":{},"end":{}}],"line":141},"9":{"loc":{"start":{"line":155,"column":3},"end":{"line":155,"column":101}},"type":"if","locations":[{"start":{"line":155,"column":3},"end":{"line":155,"column":101}},{"start":{},"end":{}}],"line":155}},"s":{"0":0,"1":0,"2":0,"3":0,"4":0,"5":0,"6":0,"7":0,"8":0,"9":0,"10":0,"11":0,"12":0,"13":0,"14":0,"15":0,"16":0,"17":0,"18":0,"19":0,"20":0,"21":0,"22":0,"23":0,"24":0,"25":0,"26":0,"27":0,"28":0,"29":0,"30":0,"31":0,"32":0,"33":0,"34":0,"35":0,"36":0,"37":0,"38":0,"39":0,"40":0,"41":0,"42":0,"43":0,"44":0,"45":0,"46":0,"47":0,"48":0,"49":0,"50":0,"51":0,"52":0,"53":0,"54":0,"55":0,"56":0,"57":0,"58":0,"59":0,"60":0,"61":0,"62":0,"63":0,"64":0},"f":{"0":0,"1":0,"2":0,"3":0,"4":0,"5":0,"6":0,"7":0,"8":0,"9":0},"b":{"0":[0,0],"1":[0,0],"2":[0,0],"3":[0,0],"4":[0,0],"5":[0,0],"6":[0,0],"7":[0,0],"8":[0,0],"9":[0,0]}}
,"/Users/coltensiemer/Documents/git-hub/little-lemon/server/db.js": {"path":"/Users/coltensiemer/Documents/git-hub/little-lemon/server/db.js","statementMap":{"0":{"start":{"line":1,"column":13},"end":{"line":1,"column":31}},"1":{"start":{"line":3,"column":13},"end":{"line":9,"column":2}},"2":{"start":{"line":11,"column":0},"end":{"line":11,"column":22}}},"fnMap":{},"branchMap":{},"s":{"0":0,"1":0,"2":0},"f":{},"b":{}}
,"/Users/coltensiemer/Documents/git-hub/little-lemon/server/indexdb.js": {"path":"/Users/coltensiemer/Documents/git-hub/little-lemon/server/indexdb.js","statementMap":{"0":{"start":{"line":1,"column":16},"end":{"line":1,"column":34}},"1":{"start":{"line":2,"column":12},"end":{"line":2,"column":21}},"2":{"start":{"line":3,"column":13},"end":{"line":3,"column":28}},"3":{"start":{"line":4,"column":13},"end":{"line":4,"column":28}},"4":{"start":{"line":5,"column":13},"end":{"line":5,"column":17}},"5":{"start":{"line":9,"column":0},"end":{"line":9,"column":27}},"6":{"start":{"line":16,"column":0},"end":{"line":16,"column":16}},"7":{"start":{"line":17,"column":0},"end":{"line":17,"column":24}},"8":{"start":{"line":20,"column":10},"end":{"line":20,"column":33}},"9":{"start":{"line":23,"column":0},"end":{"line":25,"column":3}},"10":{"start":{"line":24,"column":2},"end":{"line":24,"column":37}},"11":{"start":{"line":30,"column":0},"end":{"line":43,"column":3}},"12":{"start":{"line":31,"column":2},"end":{"line":42,"column":3}},"13":{"start":{"line":32,"column":58},"end":{"line":32,"column":66}},"14":{"start":{"line":33,"column":27},"end":{"line":36,"column":5}},"15":{"start":{"line":38,"column":4},"end":{"line":38,"column":26}},"16":{"start":{"line":39,"column":4},"end":{"line":39,"column":29}},"17":{"start":{"line":41,"column":4},"end":{"line":41,"column":64}},"18":{"start":{"line":47,"column":0},"end":{"line":55,"column":3}},"19":{"start":{"line":48,"column":2},"end":{"line":54,"column":3}},"20":{"start":{"line":49,"column":28},"end":{"line":49,"column":74}},"21":{"start":{"line":51,"column":4},"end":{"line":51,"column":35}},"22":{"start":{"line":53,"column":4},"end":{"line":53,"column":31}},"23":{"start":{"line":58,"column":0},"end":{"line":70,"column":3}},"24":{"start":{"line":59,"column":2},"end":{"line":69,"column":3}},"25":{"start":{"line":60,"column":22},"end":{"line":60,"column":31}},"26":{"start":{"line":61,"column":27},"end":{"line":64,"column":5}},"27":{"start":{"line":66,"column":4},"end":{"line":66,"column":34}},"28":{"start":{"line":68,"column":4},"end":{"line":68,"column":31}},"29":{"start":{"line":72,"column":0},"end":{"line":79,"column":3}},"30":{"start":{"line":73,"column":2},"end":{"line":78,"column":3}},"31":{"start":{"line":74,"column":20},"end":{"line":74,"column":58}},"32":{"start":{"line":75,"column":4},"end":{"line":75,"column":27}},"33":{"start":{"line":77,"column":4},"end":{"line":77,"column":55}},"34":{"start":{"line":81,"column":0},"end":{"line":91,"column":3}},"35":{"start":{"line":82,"column":2},"end":{"line":90,"column":3}},"36":{"start":{"line":84,"column":6},"end":{"line":84,"column":145}},"37":{"start":{"line":86,"column":20},"end":{"line":86,"column":49}},"38":{"start":{"line":87,"column":4},"end":{"line":87,"column":27}},"39":{"start":{"line":89,"column":4},"end":{"line":89,"column":55}},"40":{"start":{"line":93,"column":0},"end":{"line":102,"column":3}},"41":{"start":{"line":94,"column":2},"end":{"line":101,"column":3}},"42":{"start":{"line":95,"column":20},"end":{"line":97,"column":5}},"43":{"start":{"line":98,"column":4},"end":{"line":98,"column":27}},"44":{"start":{"line":100,"column":4},"end":{"line":100,"column":46}},"45":{"start":{"line":105,"column":0},"end":{"line":138,"column":3}},"46":{"start":{"line":106,"column":53},"end":{"line":106,"column":61}},"47":{"start":{"line":108,"column":2},"end":{"line":137,"column":3}},"48":{"start":{"line":109,"column":31},"end":{"line":112,"column":5}},"49":{"start":{"line":114,"column":4},"end":{"line":115,"column":48}},"50":{"start":{"line":115,"column":6},"end":{"line":115,"column":48}},"51":{"start":{"line":117,"column":21},"end":{"line":120,"column":5}},"52":{"start":{"line":124,"column":28},"end":{"line":124,"column":56}},"53":{"start":{"line":126,"column":25},"end":{"line":129,"column":5}},"54":{"start":{"line":131,"column":4},"end":{"line":134,"column":6}},"55":{"start":{"line":136,"column":4},"end":{"line":136,"column":53}},"56":{"start":{"line":142,"column":0},"end":{"line":150,"column":3}},"57":{"start":{"line":143,"column":2},"end":{"line":149,"column":3}},"58":{"start":{"line":144,"column":24},"end":{"line":144,"column":78}},"59":{"start":{"line":146,"column":4},"end":{"line":146,"column":31}},"60":{"start":{"line":148,"column":4},"end":{"line":148,"column":45}},"61":{"start":{"line":154,"column":0},"end":{"line":167,"column":3}},"62":{"start":{"line":155,"column":43},"end":{"line":155,"column":51}},"63":{"start":{"line":157,"column":2},"end":{"line":166,"column":3}},"64":{"start":{"line":158,"column":19},"end":{"line":161,"column":5}},"65":{"start":{"line":163,"column":4},"end":{"line":163,"column":21}},"66":{"start":{"line":165,"column":4},"end":{"line":165,"column":61}},"67":{"start":{"line":187,"column":0},"end":{"line":211,"column":3}},"68":{"start":{"line":188,"column":2},"end":{"line":210,"column":3}},"69":{"start":{"line":189,"column":61},"end":{"line":189,"column":69}},"70":{"start":{"line":191,"column":4},"end":{"line":191,"column":99}},"71":{"start":{"line":191,"column":24},"end":{"line":191,"column":99}},"72":{"start":{"line":193,"column":28},"end":{"line":196,"column":5}},"73":{"start":{"line":198,"column":4},"end":{"line":199,"column":66}},"74":{"start":{"line":199,"column":6},"end":{"line":199,"column":66}},"75":{"start":{"line":201,"column":20},"end":{"line":204,"column":5}},"76":{"start":{"line":206,"column":4},"end":{"line":206,"column":21}},"77":{"start":{"line":207,"column":4},"end":{"line":207,"column":36}},"78":{"start":{"line":209,"column":4},"end":{"line":209,"column":60}},"79":{"start":{"line":214,"column":0},"end":{"line":227,"column":3}},"80":{"start":{"line":215,"column":20},"end":{"line":215,"column":28}},"81":{"start":{"line":217,"column":2},"end":{"line":226,"column":3}},"82":{"start":{"line":218,"column":20},"end":{"line":221,"column":5}},"83":{"start":{"line":223,"column":4},"end":{"line":223,"column":22}},"84":{"start":{"line":225,"column":4},"end":{"line":225,"column":54}}},"fnMap":{"0":{"name":"(anonymous_0)","decl":{"start":{"line":23,"column":17},"end":{"line":23,"column":18}},"loc":{"start":{"line":23,"column":23},"end":{"line":25,"column":1}},"line":23},"1":{"name":"(anonymous_1)","decl":{"start":{"line":30,"column":26},"end":{"line":30,"column":27}},"loc":{"start":{"line":30,"column":46},"end":{"line":43,"column":1}},"line":30},"2":{"name":"(anonymous_2)","decl":{"start":{"line":47,"column":31},"end":{"line":47,"column":32}},"loc":{"start":{"line":47,"column":51},"end":{"line":55,"column":1}},"line":47},"3":{"name":"(anonymous_3)","decl":{"start":{"line":58,"column":27},"end":{"line":58,"column":28}},"loc":{"start":{"line":58,"column":47},"end":{"line":70,"column":1}},"line":58},"4":{"name":"(anonymous_4)","decl":{"start":{"line":72,"column":17},"end":{"line":72,"column":18}},"loc":{"start":{"line":72,"column":37},"end":{"line":79,"column":1}},"line":72},"5":{"name":"(anonymous_5)","decl":{"start":{"line":81,"column":23},"end":{"line":81,"column":24}},"loc":{"start":{"line":81,"column":43},"end":{"line":91,"column":1}},"line":81},"6":{"name":"(anonymous_6)","decl":{"start":{"line":93,"column":23},"end":{"line":93,"column":24}},"loc":{"start":{"line":93,"column":43},"end":{"line":102,"column":1}},"line":93},"7":{"name":"(anonymous_7)","decl":{"start":{"line":105,"column":19},"end":{"line":105,"column":20}},"loc":{"start":{"line":105,"column":39},"end":{"line":138,"column":1}},"line":105},"8":{"name":"(anonymous_8)","decl":{"start":{"line":142,"column":18},"end":{"line":142,"column":19}},"loc":{"start":{"line":142,"column":38},"end":{"line":150,"column":1}},"line":142},"9":{"name":"(anonymous_9)","decl":{"start":{"line":154,"column":40},"end":{"line":154,"column":41}},"loc":{"start":{"line":154,"column":60},"end":{"line":167,"column":1}},"line":154},"10":{"name":"(anonymous_10)","decl":{"start":{"line":187,"column":32},"end":{"line":187,"column":33}},"loc":{"start":{"line":187,"column":52},"end":{"line":211,"column":1}},"line":187},"11":{"name":"(anonymous_11)","decl":{"start":{"line":214,"column":30},"end":{"line":214,"column":31}},"loc":{"start":{"line":214,"column":50},"end":{"line":227,"column":1}},"line":214}},"branchMap":{"0":{"loc":{"start":{"line":114,"column":4},"end":{"line":115,"column":48}},"type":"if","locations":[{"start":{"line":114,"column":4},"end":{"line":115,"column":48}},{"start":{},"end":{}}],"line":114},"1":{"loc":{"start":{"line":191,"column":4},"end":{"line":191,"column":99}},"type":"if","locations":[{"start":{"line":191,"column":4},"end":{"line":191,"column":99}},{"start":{},"end":{}}],"line":191},"2":{"loc":{"start":{"line":198,"column":4},"end":{"line":199,"column":66}},"type":"if","locations":[{"start":{"line":198,"column":4},"end":{"line":199,"column":66}},{"start":{},"end":{}}],"line":198}},"s":{"0":0,"1":0,"2":0,"3":0,"4":0,"5":0,"6":0,"7":0,"8":0,"9":0,"10":0,"11":0,"12":0,"13":0,"14":0,"15":0,"16":0,"17":0,"18":0,"19":0,"20":0,"21":0,"22":0,"23":0,"24":0,"25":0,"26":0,"27":0,"28":0,"29":0,"30":0,"31":0,"32":0,"33":0,"34":0,"35":0,"36":0,"37":0,"38":0,"39":0,"40":0,"41":0,"42":0,"43":0,"44":0,"45":0,"46":0,"47":0,"48":0,"49":0,"50":0,"51":0,"52":0,"53":0,"54":0,"55":0,"56":0,"57":0,"58":0,"59":0,"60":0,"61":0,"62":0,"63":0,"64":0,"65":0,"66":0,"67":0,"68":0,"69":0,"70":0,"71":0,"72":0,"73":0,"74":0,"75":0,"76":0,"77":0,"78":0,"79":0,"80":0,"81":0,"82":0,"83":0,"84":0},"f":{"0":0,"1":0,"2":0,"3":0,"4":0,"5":0,"6":0,"7":0,"8":0,"9":0,"10":0,"11":0},"b":{"0":[0,0],"1":[0,0],"2":[0,0]}}
}
