TN:
SF:App.js
FN:42,HomeStackScreen
FN:57,AppStack
FN:79,(anonymous_2)
FN:92,(anonymous_3)
FN:105,(anonymous_4)
FN:118,(anonymous_5)
FN:146,App
FN:165,(anonymous_7)
FN:181,AppWrapper
FNF:9
FNH:0
FNDA:0,HomeStackScreen
FNDA:0,AppStack
FNDA:0,(anonymous_2)
FNDA:0,(anonymous_3)
FNDA:0,(anonymous_4)
FNDA:0,(anonymous_5)
FNDA:0,App
FNDA:0,(anonymous_7)
FNDA:0,AppWrapper
DA:43,0
DA:44,0
DA:58,0
DA:59,0
DA:60,0
DA:61,0
DA:80,0
DA:93,0
DA:106,0
DA:119,0
DA:147,0
DA:149,0
DA:151,0
DA:153,0
DA:155,0
DA:157,0
DA:165,0
DA:182,0
LF:18
LH:0
BRDA:61,0,0,0
BRDA:61,0,1,0
BRDA:82,1,0,0
BRDA:82,1,1,0
BRDA:95,2,0,0
BRDA:95,2,1,0
BRDA:108,3,0,0
BRDA:108,3,1,0
BRDA:121,4,0,0
BRDA:121,4,1,0
BRDA:151,5,0,0
BRDA:151,5,1,0
BRDA:159,6,0,0
BRDA:159,6,1,0
BRDA:159,7,0,0
BRDA:159,7,1,0
BRF:16
BRH:0
end_of_record
TN:
SF:metro.config.js
FNF:0
FNH:0
DA:1,0
DA:3,0
DA:5,0
DA:7,0
LF:4
LH:0
BRF:0
BRH:0
end_of_record
TN:
SF:assets/Themes/themes.js
FNF:0
FNH:0
DA:7,0
DA:56,0
LF:2
LH:0
BRF:0
BRH:0
end_of_record
TN:
SF:components/Organisms/navigation/Maincontainer.js
FN:16,Maincontainer
FNF:1
FNH:0
FNDA:0,Maincontainer
DA:11,0
DA:12,0
DA:14,0
LF:3
LH:0
BRF:0
BRH:0
end_of_record
TN:
SF:server/authServer.js
FN:20,(anonymous_0)
FN:27,generateAccesToken
FN:47,(anonymous_2)
FN:54,(anonymous_3)
FN:71,(anonymous_4)
FN:72,(anonymous_5)
FN:76,(anonymous_6)
FN:132,(anonymous_7)
FN:140,(anonymous_8)
FN:148,(anonymous_9)
FNF:10
FNH:0
FNDA:0,(anonymous_0)
FNDA:0,generateAccesToken
FNDA:0,(anonymous_2)
FNDA:0,(anonymous_3)
FNDA:0,(anonymous_4)
FNDA:0,(anonymous_5)
FNDA:0,(anonymous_6)
FNDA:0,(anonymous_7)
FNDA:0,(anonymous_8)
FNDA:0,(anonymous_9)
DA:1,0
DA:2,0
DA:3,0
DA:4,0
DA:5,0
DA:9,0
DA:16,0
DA:17,0
DA:20,0
DA:21,0
DA:25,0
DA:28,0
DA:47,0
DA:48,0
DA:49,0
DA:51,0
DA:52,0
DA:54,0
DA:55,0
DA:56,0
DA:62,0
DA:63,0
DA:64,0
DA:71,0
DA:72,0
DA:76,0
DA:77,0
DA:80,0
DA:83,0
DA:89,0
DA:94,0
DA:101,0
DA:103,0
DA:105,0
DA:106,0
DA:109,0
DA:110,0
DA:111,0
DA:119,0
DA:122,0
DA:125,0
DA:132,0
DA:133,0
DA:134,0
DA:135,0
DA:136,0
DA:137,0
DA:138,0
DA:140,0
DA:141,0
DA:142,0
DA:143,0
DA:148,0
DA:149,0
DA:151,0
DA:152,0
DA:155,0
DA:157,0
DA:159,0
DA:171,0
DA:174,0
DA:175,0
LF:62
LH:0
BRDA:49,0,0,0
BRDA:49,0,1,0
BRDA:51,1,0,0
BRDA:51,1,1,0
BRDA:55,2,0,0
BRDA:55,2,1,0
BRDA:105,3,0,0
BRDA:105,3,1,0
BRDA:109,4,0,0
BRDA:109,4,1,0
BRDA:110,5,0,0
BRDA:110,5,1,0
BRDA:135,6,0,0
BRDA:135,6,1,0
BRDA:137,7,0,0
BRDA:137,7,1,0
BRDA:141,8,0,0
BRDA:141,8,1,0
BRDA:155,9,0,0
BRDA:155,9,1,0
BRF:20
BRH:0
end_of_record
TN:
SF:server/db.js
FNF:0
FNH:0
DA:1,0
DA:3,0
DA:11,0
LF:3
LH:0
BRF:0
BRH:0
end_of_record
TN:
SF:server/indexdb.js
FN:23,(anonymous_0)
FN:30,(anonymous_1)
FN:47,(anonymous_2)
FN:58,(anonymous_3)
FN:72,(anonymous_4)
FN:81,(anonymous_5)
FN:93,(anonymous_6)
FN:105,(anonymous_7)
FN:142,(anonymous_8)
FN:154,(anonymous_9)
FN:187,(anonymous_10)
FN:214,(anonymous_11)
FNF:12
FNH:0
FNDA:0,(anonymous_0)
FNDA:0,(anonymous_1)
FNDA:0,(anonymous_2)
FNDA:0,(anonymous_3)
FNDA:0,(anonymous_4)
FNDA:0,(anonymous_5)
FNDA:0,(anonymous_6)
FNDA:0,(anonymous_7)
FNDA:0,(anonymous_8)
FNDA:0,(anonymous_9)
FNDA:0,(anonymous_10)
FNDA:0,(anonymous_11)
DA:1,0
DA:2,0
DA:3,0
DA:4,0
DA:5,0
DA:9,0
DA:16,0
DA:17,0
DA:20,0
DA:23,0
DA:24,0
DA:30,0
DA:31,0
DA:32,0
DA:33,0
DA:38,0
DA:39,0
DA:41,0
DA:47,0
DA:48,0
DA:49,0
DA:51,0
DA:53,0
DA:58,0
DA:59,0
DA:60,0
DA:61,0
DA:66,0
DA:68,0
DA:72,0
DA:73,0
DA:74,0
DA:75,0
DA:77,0
DA:81,0
DA:82,0
DA:84,0
DA:86,0
DA:87,0
DA:89,0
DA:93,0
DA:94,0
DA:95,0
DA:98,0
DA:100,0
DA:105,0
DA:106,0
DA:108,0
DA:109,0
DA:114,0
DA:115,0
DA:117,0
DA:124,0
DA:126,0
DA:131,0
DA:136,0
DA:142,0
DA:143,0
DA:144,0
DA:146,0
DA:148,0
DA:154,0
DA:155,0
DA:157,0
DA:158,0
DA:163,0
DA:165,0
DA:187,0
DA:188,0
DA:189,0
DA:191,0
DA:193,0
DA:198,0
DA:199,0
DA:201,0
DA:206,0
DA:207,0
DA:209,0
DA:214,0
DA:215,0
DA:217,0
DA:218,0
DA:223,0
DA:225,0
LF:84
LH:0
BRDA:114,0,0,0
BRDA:114,0,1,0
BRDA:191,1,0,0
BRDA:191,1,1,0
BRDA:198,2,0,0
BRDA:198,2,1,0
BRF:6
BRH:0
end_of_record
